<?xml version="1.0" encoding="UTF-8"?>
<!-- Generated by org.testng.reporters.JUnitXMLReporter -->
<testsuite ignored="2" hostname="LAPTOP-8USUBBG6" failures="0" tests="1" name="Default test" time="2.401" errors="0" timestamp="2024-01-10T17:18:38 IST">
  <testcase classname="api.test.TestMockDataGeneration" name="testCreateMockUser" time="2.353"/>
  <testcase classname="api.test.TestMockDataGeneration" name="testCreateMockPurchase" time="0.0">
    <ignored/>
  </testcase> <!-- testCreateMockPurchase -->
  <testcase classname="api.test.TestMockDataGeneration" name="testCreateMockBlogPost" time="0.0">
    <ignored/>
  </testcase> <!-- testCreateMockBlogPost -->
</testsuite> <!-- Default test -->
