<?xml version="1.0" encoding="UTF-8"?>
<!-- Generated by org.testng.reporters.JUnitXMLReporter -->
<testsuite ignored="1" hostname="LAPTOP-8USUBBG6" failures="0" tests="2" name="Test" time="3.622" errors="0" timestamp="2024-01-10T17:17:49 IST">
  <testcase classname="api.test.TestMockDataGeneration" name="testCreateMockUser" time="2.364"/>
  <testcase classname="api.test.TestMockDataGeneration" name="testCreateMockBlogPost" time="1.216"/>
  <testcase classname="api.test.TestMockDataGeneration" name="testCreateMockPurchase" time="0.0">
    <ignored/>
  </testcase> <!-- testCreateMockPurchase -->
</testsuite> <!-- Test -->
