<?xml version="1.0" encoding="UTF-8"?>
<testng-results ignored="0" total="2" passed="2" failed="0" skipped="0">
  <reporter-output>
  </reporter-output>
  <suite started-at="2024-01-10T17:26:55 IST" name="Suite" finished-at="2024-01-10T17:27:00 IST" duration-ms="4717">
    <groups>
      <group name="Regression">
        <method signature="TestMockDataGeneration.testCreateMockUser()[pri:0, instance:api.test.TestMockDataGeneration@1bb5a082]" name="testCreateMockUser" class="api.test.TestMockDataGeneration"/>
        <method signature="TestMockDataGeneration.testCreateMockBlogPost()[pri:3, instance:api.test.TestMockDataGeneration@1bb5a082]" name="testCreateMockBlogPost" class="api.test.TestMockDataGeneration"/>
      </group> <!-- Regression -->
    </groups>
    <test started-at="2024-01-10T17:26:55 IST" name="Test" finished-at="2024-01-10T17:27:00 IST" duration-ms="4717">
      <class name="api.test.TestMockDataGeneration">
        <test-method signature="testCreateMockUser()[pri:0, instance:api.test.TestMockDataGeneration@1bb5a082]" started-at="2024-01-10T17:26:55 IST" name="testCreateMockUser" description=" ==========Regression =======" finished-at="2024-01-10T17:26:58 IST" duration-ms="3309" status="PASS">
          <reporter-output>
          </reporter-output>
        </test-method> <!-- testCreateMockUser -->
        <test-method signature="testCreateMockBlogPost()[pri:3, instance:api.test.TestMockDataGeneration@1bb5a082]" started-at="2024-01-10T17:26:58 IST" name="testCreateMockBlogPost" finished-at="2024-01-10T17:27:00 IST" duration-ms="1373" status="PASS">
          <reporter-output>
          </reporter-output>
        </test-method> <!-- testCreateMockBlogPost -->
      </class> <!-- api.test.TestMockDataGeneration -->
    </test> <!-- Test -->
  </suite> <!-- Suite -->
</testng-results>
