<?xml version="1.0" encoding="UTF-8"?>
<testng-results ignored="0" total="1" passed="1" failed="0" skipped="0">
  <reporter-output>
  </reporter-output>
  <suite started-at="2024-01-10T17:18:35 IST" name="Default suite" finished-at="2024-01-10T17:18:38 IST" duration-ms="2401">
    <groups>
      <group name="Regression">
        <method signature="TestMockDataGeneration.testCreateMockUser()[pri:0, instance:api.test.TestMockDataGeneration@66d18979]" name="testCreateMockUser" class="api.test.TestMockDataGeneration"/>
      </group> <!-- Regression -->
    </groups>
    <test started-at="2024-01-10T17:18:35 IST" name="Default test" finished-at="2024-01-10T17:18:38 IST" duration-ms="2401">
      <class name="api.test.TestMockDataGeneration">
        <test-method is-config="true" signature="beforeTest()[pri:0, instance:api.test.TestMockDataGeneration@66d18979]" started-at="2024-01-10T17:18:35 IST" name="beforeTest" finished-at="2024-01-10T17:18:35 IST" duration-ms="8" status="PASS">
          <reporter-output>
          </reporter-output>
        </test-method> <!-- beforeTest -->
        <test-method is-config="true" signature="beforeClass()[pri:0, instance:api.test.TestMockDataGeneration@66d18979]" started-at="2024-01-10T17:18:35 IST" name="beforeClass" finished-at="2024-01-10T17:18:35 IST" duration-ms="1" status="PASS">
          <reporter-output>
          </reporter-output>
        </test-method> <!-- beforeClass -->
        <test-method is-config="true" signature="beforeMethod()[pri:0, instance:api.test.TestMockDataGeneration@66d18979]" started-at="2024-01-10T17:18:36 IST" name="beforeMethod" finished-at="2024-01-10T17:18:36 IST" duration-ms="1" status="PASS">
          <reporter-output>
          </reporter-output>
        </test-method> <!-- beforeMethod -->
        <test-method signature="testCreateMockUser()[pri:0, instance:api.test.TestMockDataGeneration@66d18979]" started-at="2024-01-10T17:18:36 IST" name="testCreateMockUser" description=" ==========Regression =======" finished-at="2024-01-10T17:18:38 IST" duration-ms="2353" status="PASS">
          <reporter-output>
          </reporter-output>
        </test-method> <!-- testCreateMockUser -->
      </class> <!-- api.test.TestMockDataGeneration -->
    </test> <!-- Default test -->
  </suite> <!-- Default suite -->
</testng-results>
